[debug] [2022-12-06T16:54:00.796Z] ----------------------------------------------------------------------
[debug] [2022-12-06T16:54:00.797Z] Command:       C:\Program Files\nodejs\node.exe C:\Users\Admin\AppData\Roaming\npm\node_modules\firebase-tools\lib\bin\firebase.js init
[debug] [2022-12-06T16:54:00.798Z] CLI Version:   11.16.1
[debug] [2022-12-06T16:54:00.798Z] Platform:      win32
[debug] [2022-12-06T16:54:00.798Z] Node Version:  v14.18.1
[debug] [2022-12-06T16:54:00.799Z] Time:          Tue Dec 06 2022 23:54:00 GMT+0700 (Indochina Time)
[debug] [2022-12-06T16:54:00.799Z] ----------------------------------------------------------------------
[debug] 
[debug] [2022-12-06T16:54:00.802Z] >>> [apiv2][query] GET https://firebase-public.firebaseio.com/cli.json [none]
[debug] [2022-12-06T16:54:00.820Z] > command requires scopes: ["email","openid","https://www.googleapis.com/auth/cloudplatformprojects.readonly","https://www.googleapis.com/auth/firebase","https://www.googleapis.com/auth/cloud-platform"]
[debug] [2022-12-06T16:54:00.820Z] > authorizing via signed-in user (daongochau922@gmail.com)
[info] 
     ######## #### ########  ######## ########     ###     ######  ########
     ##        ##  ##     ## ##       ##     ##  ##   ##  ##       ##
     ######    ##  ########  ######   ########  #########  ######  ######
     ##        ##  ##    ##  ##       ##     ## ##     ##       ## ##
     ##       #### ##     ## ######## ########  ##     ##  ######  ########

You're about to initialize a Firebase project in this directory:

  C:\VS Flutter\inventory_web

Before we get started, keep in mind:

  * You are currently outside your home directory

[debug] [2022-12-06T16:54:01.294Z] <<< [apiv2][status] GET https://firebase-public.firebaseio.com/cli.json 200
[debug] [2022-12-06T16:54:01.294Z] <<< [apiv2][body] GET https://firebase-public.firebaseio.com/cli.json {"cloudBuildErrorAfter":1594252800000,"cloudBuildWarnAfter":1590019200000,"defaultNode10After":1594252800000,"minVersion":"3.0.5","node8DeploysDisabledAfter":1613390400000,"node8RuntimeDisabledAfter":1615809600000,"node8WarnAfter":1600128000000}
